<?xml version="1.0" encoding="UTF-8"?>
<Site BuildName="(empty)"
	BuildStamp="20230710-0854-Experimental"
	Name="marvin-HP-Laptop-15s-fq1xxx"
	Generator="ctest-3.22.1"
	CompilerName="/usr/bin/g++"
	CompilerVersion="11.3.0"
	OSName="Linux"
	Hostname="marvin-HP-Laptop-15s-fq1xxx"
	OSRelease="5.19.0-46-generic"
	OSVersion="#47~22.04.1-Ubuntu SMP PREEMPT_DYNAMIC Wed Jun 21 15:35:31 UTC 2"
	OSPlatform="x86_64"
	Is64Bits="1"
	VendorString="GenuineIntel"
	VendorID="Intel Corporation"
	FamilyID="6"
	ModelID="126"
	ProcessorCacheSize="8192"
	NumberOfLogicalCPU="8"
	NumberOfPhysicalCPU="4"
	TotalVirtualMemory="2047"
	TotalPhysicalMemory="15561"
	LogicalProcessorsPerPhysical="2"
	ProcessorClockFrequency="3468.43"
	>
	<Testing>
		<StartDateTime>Jul 10 10:54 CEST</StartDateTime>
		<StartTestTime>1688979289</StartTestTime>
		<TestList/>
		<EndDateTime>Jul 10 10:54 CEST</EndDateTime>
		<EndTestTime>1688979289</EndTestTime>
		<ElapsedMinutes>0</ElapsedMinutes>
	</Testing>
</Site>
